\BOOKMARK [1][-]{section.1}{Johdanto}{}% 1
\BOOKMARK [1][-]{section.2}{Web-ontologiakieli OWL}{}% 2
\BOOKMARK [2][-]{subsection.2.1}{Teknologiat, jotka mahdollistavat OWL:n}{section.2}% 3
\BOOKMARK [3][-]{subsubsection.2.1.1}{XML}{subsection.2.1}% 4
\BOOKMARK [3][-]{subsubsection.2.1.2}{RDF/RDFS}{subsection.2.1}% 5
\BOOKMARK [2][-]{subsection.2.2}{tarpeelliset OWL-konstruktiot OWL-S:n ymm\344rt\344miseen}{section.2}% 6
\BOOKMARK [1][-]{section.3}{Webpalveluiden kuvauskieli OWL-S}{}% 7
\BOOKMARK [2][-]{subsection.3.1}{Korkean abstraktiotason rakenne}{section.3}% 8
\BOOKMARK [2][-]{subsection.3.2}{Profiili}{section.3}% 9
\BOOKMARK [3][-]{subsubsection.3.2.1}{Ontologioiden tuonti ja viitteet prosessimalliin sek\344 palveluun}{subsection.3.2}% 10
\BOOKMARK [3][-]{subsubsection.3.2.2}{Tuottajainformaatio}{subsection.3.2}% 11
\BOOKMARK [3][-]{subsubsection.3.2.3}{Toiminnallinen kuvaus}{subsection.3.2}% 12
\BOOKMARK [3][-]{subsubsection.3.2.4}{Toimintaa kuvaavat ominaisuudet}{subsection.3.2}% 13
\BOOKMARK [2][-]{subsection.3.3}{Prosessi}{section.3}% 14
\BOOKMARK [3][-]{subsubsection.3.3.1}{Osapuolet}{subsection.3.3}% 15
\BOOKMARK [3][-]{subsubsection.3.3.2}{Sy\366tteet ja tulosteet}{subsection.3.3}% 16
\BOOKMARK [3][-]{subsubsection.3.3.3}{Esiehdot ja tulokset}{subsection.3.3}% 17
\BOOKMARK [3][-]{subsubsection.3.3.4}{Ehdollisten palautusarvojen ja vaikutusten kuvaus}{subsection.3.3}% 18
\BOOKMARK [3][-]{subsubsection.3.3.5}{Komposiittiprosessit ja kontrollirakenteet}{subsection.3.3}% 19
\BOOKMARK [2][-]{subsection.3.4}{Maadoitus}{section.3}% 20
\BOOKMARK [1][-]{section*.2}{L\344hteet}{}% 21
